<?xml version="1.0" encoding="UTF-8"?>
<testsuite xmlns:xsi="http://www.w3.org/2001/XMLSchema-instance" xsi:noNamespaceSchemaLocation="https://maven.apache.org/surefire/maven-surefire-plugin/xsd/surefire-test-report.xsd" name="ru.netology.manager.AfishaManagerTest" time="0.074" tests="6" errors="0" skipped="0" failures="0">
  <properties>
[...]
</properties>
  <testcase name="shouldAddMoviesForFlexibleFeed" classname="ru.netology.manager.AfishaManagerTest" time="0.05"/>
  <testcase name="shouldGetAll" classname="ru.netology.manager.AfishaManagerTest" time="0"/>
  <testcase name="shouldAddToFeedWithOneItem" classname="ru.netology.manager.AfishaManagerTest" time="0.001"/>
  <testcase name="shouldGetEmpty" classname="ru.netology.manager.AfishaManagerTest" time="0.001"/>
  <testcase name="shouldAddMoviesForFeed" classname="ru.netology.manager.AfishaManagerTest" time="0.001"/>
  <testcase name="shouldAddToEmptyFeed" classname="ru.netology.manager.AfishaManagerTest" time="0.001"/>
</testsuite>